2025-02-04T10:59:09.477Z [error]: Cannot find module 'ejs'
Require stack:
- C:\Users\PC 3\Documents\Lagona_Express\lagona\node_modules\express\lib\view.js
- C:\Users\PC 3\Documents\Lagona_Express\lagona\node_modules\express\lib\application.js
- C:\Users\PC 3\Documents\Lagona_Express\lagona\node_modules\express\lib\express.js
- C:\Users\PC 3\Documents\Lagona_Express\lagona\node_modules\express\index.js
- C:\Users\PC 3\Documents\Lagona_Express\lagona\Server.js
- C:\Users\PC 3\Documents\Lagona_Express\lagona\bin\www
2025-02-04T11:24:39.836Z [error]: Validator is not a function
2025-02-04T11:24:39.888Z [error]: Not Found
2025-02-04T11:25:44.095Z [error]: Failed to lookup view "AdminLoginLayout" in views directory "C:\Users\PC 3\Documents\Lagona_Express\lagona\views"
2025-02-04T11:28:07.948Z [error]: Failed to lookup view "AdminLoginLayout" in views directory "C:\Users\PC 3\Documents\Lagona_Express\lagona\views"
2025-02-04T11:28:44.121Z [error]: Failed to lookup view "AdminLoginLayout" in views directory "C:\Users\PC 3\Documents\Lagona_Express\lagona\views"
2025-02-04T11:37:59.757Z [error]: Not Found
2025-02-04T11:37:59.804Z [error]: Not Found
2025-02-04T11:38:22.690Z [error]: Not Found
2025-02-04T11:40:54.872Z [error]: Not Found
2025-02-04T11:41:13.904Z [error]: Not Found
2025-02-04T11:41:36.256Z [error]: Not Found
2025-02-04T11:41:59.540Z [error]: Not Found
2025-02-04T11:42:19.311Z [error]: Not Found
2025-02-04T11:42:26.209Z [error]: Not Found
2025-02-04T11:42:51.641Z [error]: Not Found
2025-02-04T11:44:10.180Z [error]: Not Found
2025-02-04T11:51:44.290Z [error]: Not Found
2025-02-04T11:57:55.543Z [error]: Not Found
2025-02-04T11:57:55.560Z [error]: Not Found
2025-02-04T12:00:57.844Z [error]: Not Found
2025-02-04T12:00:57.856Z [error]: Not Found
2025-02-04T12:01:22.673Z [error]: Not Found
2025-02-04T12:01:22.682Z [error]: Not Found
2025-02-04T12:01:28.146Z [error]: Validator is not a function
2025-02-04T12:01:51.360Z [error]: Not Found
2025-02-04T12:01:51.841Z [error]: Not Found
2025-02-04T12:03:05.476Z [error]: Not Found
2025-02-04T12:03:05.485Z [error]: Not Found
2025-02-04T12:05:36.338Z [error]: Not Found
2025-02-04T12:05:36.349Z [error]: Not Found
2025-02-04T12:06:46.583Z [error]: Not Found
2025-02-04T12:06:46.597Z [error]: Not Found
2025-02-04T12:06:56.273Z [error]: Not Found
2025-02-04T12:06:56.281Z [error]: Not Found
2025-02-04T12:07:14.602Z [error]: Not Found
2025-02-04T12:07:42.169Z [error]: Not Found
2025-02-04T12:07:42.180Z [error]: Not Found
2025-02-04T12:07:46.747Z [error]: Not Found
2025-02-04T12:07:47.122Z [error]: Not Found
2025-02-04T12:09:09.347Z [error]: Not Found
2025-02-04T12:09:09.358Z [error]: Not Found
2025-02-04T12:09:12.937Z [error]: Not Found
2025-02-04T12:09:13.616Z [error]: Not Found
2025-02-04T12:12:47.839Z [error]: Not Found
2025-02-04T12:12:48.582Z [error]: Not Found
2025-02-04T12:14:02.476Z [error]: Not Found
2025-02-04T12:14:02.489Z [error]: Not Found
2025-02-04T12:14:02.811Z [error]: Not Found
2025-02-04T12:14:02.920Z [error]: Not Found
2025-02-04T12:14:20.524Z [error]: Not Found
2025-02-04T12:14:20.537Z [error]: Not Found
2025-02-04T12:14:20.823Z [error]: Not Found
2025-02-04T12:14:20.888Z [error]: Not Found
2025-02-04T12:16:21.682Z [error]: Not Found
2025-02-04T12:16:21.694Z [error]: Not Found
2025-02-04T12:18:59.169Z [error]: Not Found
2025-02-04T12:18:59.179Z [error]: Not Found
2025-02-04T12:19:27.716Z [error]: Not Found
2025-02-04T12:19:27.731Z [error]: Not Found
2025-02-04T12:20:40.272Z [error]: Not Found
2025-02-04T12:20:40.281Z [error]: Not Found
2025-02-04T12:21:16.677Z [error]: Not Found
2025-02-04T12:21:16.688Z [error]: Not Found
2025-02-04T12:21:33.026Z [error]: Not Found
2025-02-04T12:21:33.034Z [error]: Not Found
2025-02-04T12:21:40.182Z [error]: Not Found
2025-02-04T12:21:40.196Z [error]: Not Found
2025-02-04T12:22:59.213Z [error]: Not Found
2025-02-04T12:22:59.224Z [error]: Not Found
2025-02-04T12:23:03.924Z [error]: Validator is not a function
2025-02-04T12:25:33.889Z [error]: Not Found
2025-02-04T12:25:33.903Z [error]: Not Found
2025-02-04T12:25:36.012Z [error]: Validator is not a function
2025-02-04T12:26:17.553Z [error]: Not Found
2025-02-04T12:26:17.562Z [error]: Not Found
2025-02-04T12:26:37.707Z [error]: Not Found
2025-02-04T12:26:37.724Z [error]: Not Found
2025-02-04T12:26:52.994Z [error]: Not Found
2025-02-04T12:26:53.011Z [error]: Not Found
2025-02-04T12:27:02.081Z [error]: Validator is not a function
2025-02-04T12:27:37.984Z [error]: Not Found
2025-02-04T12:28:26.828Z [error]: Not Found
2025-02-04T12:28:49.934Z [error]: Not Found
2025-02-04T12:30:39.293Z [error]: Not Found
2025-02-04T12:30:53.241Z [error]: Not Found
2025-02-04T12:31:03.944Z [error]: Not Found
2025-02-04T12:31:19.703Z [error]: Validator is not a function
2025-02-04T12:34:20.725Z [error]: Not Found
2025-02-04T12:39:11.638Z [error]: Not Found
2025-02-04T12:40:10.005Z [error]: Not Found
2025-02-04T12:42:07.003Z [error]: Not Found
2025-02-04T12:42:10.795Z [error]: Not Found
2025-02-04T12:42:14.888Z [error]: Not Found
2025-02-04T12:42:17.373Z [error]: Not Found
2025-02-04T12:42:32.501Z [error]: Not Found
2025-02-04T12:43:45.925Z [error]: Not Found
2025-02-04T12:43:56.009Z [error]: Not Found
2025-02-04T12:50:28.055Z [error]: Not Found
2025-02-04T12:51:25.324Z [error]: Not Found
2025-02-04T12:51:25.775Z [error]: Not Found
2025-02-04T12:54:48.523Z [error]: Not Found
2025-02-04T12:54:59.228Z [error]: Not Found
2025-02-04T12:54:59.818Z [error]: Not Found
2025-02-04T12:55:31.766Z [error]: Not Found
2025-02-04T12:55:31.781Z [error]: Not Found
2025-02-04T12:55:53.045Z [error]: Not Found
2025-02-04T12:55:53.061Z [error]: Not Found
2025-02-04T14:09:51.080Z [error]: err is not defined
2025-02-04T14:10:00.071Z [error]: err is not defined
2025-02-04T14:10:50.605Z [error]: err is not defined
2025-02-04T15:04:32.655Z [error]: Not Found
2025-02-04T15:16:05.304Z [error]: Not Found
2025-02-04T15:16:05.883Z [error]: Not Found
2025-02-04T15:17:11.316Z [error]: Not Found
2025-02-04T15:17:12.049Z [error]: Not Found
2025-02-04T15:17:36.309Z [error]: Not Found
2025-02-04T15:17:36.339Z [error]: Not Found
2025-02-04T15:25:31.887Z [error]: Not Found
2025-02-04T15:39:55.651Z [error]: Not Found
2025-02-04T15:42:44.546Z [error]: Not Found
2025-02-04T15:42:45.421Z [error]: Not Found
2025-02-04T15:42:50.364Z [error]: Not Found
2025-02-04T15:42:50.403Z [error]: Not Found
2025-02-04T15:43:19.646Z [error]: Not Found
2025-02-04T15:43:19.683Z [error]: Not Found
2025-02-04T16:19:46.322Z [error]: Not Found
2025-02-04T16:19:47.028Z [error]: Not Found
2025-02-04T16:20:18.255Z [error]: Not Found
2025-02-04T16:20:18.940Z [error]: Not Found
2025-02-04T16:22:04.548Z [error]: Not Found
2025-02-04T16:22:04.604Z [error]: Not Found
2025-02-04T16:23:59.293Z [error]: Not Found
2025-02-04T16:23:59.373Z [error]: Not Found
2025-02-04T16:24:32.950Z [error]: Not Found
2025-02-04T16:24:32.979Z [error]: Not Found
2025-02-04T16:49:32.192Z [error]: Not Found
2025-02-04T16:49:32.248Z [error]: Not Found
2025-02-04T16:51:44.883Z [error]: Not Found
2025-02-04T16:51:44.939Z [error]: Not Found
2025-02-04T16:51:55.931Z [error]: Not Found
2025-02-04T16:51:55.960Z [error]: Not Found
2025-02-04T16:53:09.008Z [error]: Not Found
2025-02-04T16:53:09.066Z [error]: Not Found
2025-02-04T16:53:19.381Z [error]: Not Found
2025-02-04T16:53:19.416Z [error]: Not Found
2025-02-04T16:53:45.427Z [error]: Not Found
2025-02-04T16:53:45.463Z [error]: Not Found
2025-02-04T17:06:45.669Z [error]: Not Found
2025-02-04T17:07:05.005Z [error]: Not Found
2025-02-04T17:10:27.112Z [error]: Not Found
2025-02-04T17:15:37.567Z [error]: Not Found
2025-02-04T17:15:38.342Z [error]: Not Found
2025-02-04T17:18:46.231Z [error]: Not Found
2025-02-04T17:18:46.289Z [error]: Not Found
2025-02-04T17:22:39.198Z [error]: Not Found
2025-02-04T17:22:40.042Z [error]: Not Found
2025-02-04T17:23:12.056Z [error]: Not Found
2025-02-04T17:23:12.084Z [error]: Not Found
2025-02-04T17:26:24.692Z [error]: Not Found
2025-02-04T17:26:24.754Z [error]: Not Found
2025-02-04T17:28:19.724Z [error]: Not Found
2025-02-04T17:28:19.797Z [error]: Not Found
2025-02-04T17:35:01.869Z [error]: Not Found
2025-02-04T17:42:32.323Z [error]: Not Found
2025-02-04T17:43:16.522Z [error]: Not Found
